<?xml version="1.0" encoding="UTF-8"?>
<!-- Generated by org.testng.reporters.JUnitXMLReporter -->
<testsuite ignored="0" hostname="DESKTOP-6O601RH" failures="1" tests="5" name="Test" time="0.052" errors="0" timestamp="2024-03-05T12:17:47 PST">
  <testcase classname="annot.Annot" name="testCase1" time="0.008"/>
  <testcase classname="annot.Annot" name="testCase2" time="0.001">
    <skipped/>
  </testcase> <!-- testCase2 -->
  <testcase classname="annot.Annot" name="testCase3" time="0.0"/>
  <testcase classname="annot.HardAssetEx" name="testCase1" time="0.003"/>
  <testcase classname="annot.SoftAssertEx" name="testCase1" time="0.004">
    <failure type="java.lang.AssertionError" message="The following asserts failed:
	comparing number of links expected [10] but found [12],
	comparing two strings expected [Bengaluru] but found [Bangalore]">
      <![CDATA[java.lang.AssertionError: The following asserts failed:
comparing number of links expected [10] but found [12],
comparing two strings expected [Bengaluru] but found [Bangalore]
at annot.SoftAssertEx.testCase1(SoftAssertEx.java:19)
at java.base/java.util.ArrayList.forEach(ArrayList.java:1511)
... Removed 29 stack frames]]>
    </failure>
  </testcase> <!-- testCase1 -->
</testsuite> <!-- Test -->
